<?xml version="1.0" encoding="UTF-8"?>
<!-- Generated by org.testng.reporters.JUnitReportReporter -->
<testsuite hostname="Dragoss-MacBook-Air.local" failures="0" tests="1" name="mobileAutomation.ExerciseProject.Clipboard" time="9.188" errors="0" timestamp="2023-04-03T11:28:25 EEST" skipped="0">
  <testcase classname="mobileAutomation.ExerciseProject.Clipboard" name="AccessPreferences" time="9.188"/>
  <system-out/>
</testsuite> <!-- mobileAutomation.ExerciseProject.Clipboard -->
