<?xml version="1.0" encoding="UTF-8"?>
<!-- Generated by org.testng.reporters.JUnitReportReporter -->
<testsuite hostname="Dragoss-MacBook-Air.local" failures="0" tests="1" name="mobileAutomation.ExerciseProject.OtherTests" time="2.167" errors="0" timestamp="2023-03-29T17:06:02 EEST" skipped="0">
  <testcase classname="mobileAutomation.ExerciseProject.OtherTests" name="AccessPreferences" time="2.167"/>
  <system-out/>
</testsuite> <!-- mobileAutomation.ExerciseProject.OtherTests -->
