<?xml version="1.0" encoding="UTF-8"?>
<!-- Generated by org.testng.reporters.JUnitReportReporter -->
<testsuite hostname="Dragoss-MacBook-Air.local" failures="0" tests="1" name="mobileAutomation.ExerciseProject.LongPress" time="7.562" errors="0" timestamp="2023-04-01T19:21:16 EEST" skipped="0">
  <testcase classname="mobileAutomation.ExerciseProject.LongPress" name="MobileGestures" time="7.562"/>
  <system-out/>
</testsuite> <!-- mobileAutomation.ExerciseProject.LongPress -->
