<?xml version="1.0" encoding="UTF-8"?>
<!-- Generated by org.testng.reporters.JUnitReportReporter -->
<testsuite hostname="Dragoss-MacBook-Air.local" failures="0" tests="1" name="mobileAutomation.ExerciseProject.Scroll" time="20.126" errors="0" timestamp="2023-04-01T21:10:19 EEST" skipped="0">
  <testcase classname="mobileAutomation.ExerciseProject.Scroll" name="ScrollAction" time="20.126"/>
  <system-out/>
</testsuite> <!-- mobileAutomation.ExerciseProject.Scroll -->
