<?xml version="1.0" encoding="UTF-8"?>
<!-- Generated by org.testng.reporters.JUnitReportReporter -->
<testsuite hostname="Dragoss-MacBook-Air.local" failures="0" tests="1" name="mobileAutomation.ExerciseProject.Clipboard" time="6.290" errors="0" timestamp="2023-04-04T10:00:33 EEST" skipped="0">
  <testcase classname="mobileAutomation.ExerciseProject.Clipboard" name="Activities" time="6.290"/>
  <system-out/>
</testsuite> <!-- mobileAutomation.ExerciseProject.Clipboard -->
