<?xml version="1.0" encoding="UTF-8"?>
<!-- Generated by org.testng.reporters.JUnitReportReporter -->
<testsuite hostname="Dragoss-MacBook-Air.local" failures="0" tests="1" name="mobileAutomation.ExerciseProject.Landscape" time="9.727" errors="0" timestamp="2023-04-03T10:33:24 EEST" skipped="0">
  <testcase classname="mobileAutomation.ExerciseProject.Landscape" name="AccessPreferences" time="9.727"/>
  <system-out/>
</testsuite> <!-- mobileAutomation.ExerciseProject.Landscape -->
