<?xml version="1.0" encoding="UTF-8"?>
<!-- Generated by org.testng.reporters.JUnitReportReporter -->
<testsuite hostname="Dragoss-MacBook-Air.local" failures="0" tests="1" name="mobileAutomation.ExerciseProject.Swipe" time="5.246" errors="0" timestamp="2023-04-01T22:16:22 EEST" skipped="0">
  <testcase classname="mobileAutomation.ExerciseProject.Swipe" name="SwipeAction" time="5.246"/>
  <system-out/>
</testsuite> <!-- mobileAutomation.ExerciseProject.Swipe -->
