<?xml version="1.0" encoding="UTF-8"?>
<!-- Generated by org.testng.reporters.JUnitReportReporter -->
<testsuite hostname="Dragoss-MacBook-Air.local" failures="0" tests="1" name="mobileAutomation.ExerciseProject.AssertionTest" time="4.397" errors="0" timestamp="2023-03-30T16:16:41 EEST" skipped="0">
  <testcase classname="mobileAutomation.ExerciseProject.AssertionTest" name="OnOffTrigger" time="4.397"/>
  <system-out/>
</testsuite> <!-- mobileAutomation.ExerciseProject.AssertionTest -->
