<?xml version="1.0" encoding="UTF-8"?>
<!-- Generated by org.testng.reporters.JUnitReportReporter -->
<testsuite hostname="Dragoss-MacBook-Air.local" failures="0" tests="3" name="mobileAutomation.ExerciseProject.AndroidBasics" time="3.620" errors="0" timestamp="2023-03-30T09:13:16 EEST" skipped="0">
  <testcase classname="mobileAutomation.ExerciseProject.AndroidBasics" name="AccessPreferences" time="2.124"/>
  <system-out/>
  <testcase classname="mobileAutomation.ExerciseProject.AndroidBasics" name="AccessAnimations" time="1.390"/>
  <system-out/>
  <testcase classname="mobileAutomation.ExerciseProject.AndroidBasics" name="PlayAction" time="0.106"/>
  <system-out/>
</testsuite> <!-- mobileAutomation.ExerciseProject.AndroidBasics -->
