<?xml version="1.0" encoding="UTF-8"?>
<!-- Generated by org.testng.reporters.JUnitReportReporter -->
<testsuite hostname="Dragoss-MacBook-Air.local" failures="0" tests="1" name="mobileAutomation.ExerciseProject.iOSBasics" time="7.732" errors="0" timestamp="2023-04-01T19:26:09 EEST" skipped="0">
  <testcase classname="mobileAutomation.ExerciseProject.iOSBasics" name="AccessPreferences" time="7.732"/>
  <system-out/>
</testsuite> <!-- mobileAutomation.ExerciseProject.iOSBasics -->
