<?xml version="1.0" encoding="UTF-8"?>
<!-- Generated by org.testng.reporters.JUnitReportReporter -->
<testsuite hostname="Dragoss-MacBook-Air.local" failures="0" tests="3" name="mobileAutomation.ExerciseProject.AndroidBasics" time="3.152" errors="0" timestamp="2023-03-30T16:16:41 EEST" skipped="0">
  <testcase classname="mobileAutomation.ExerciseProject.AndroidBasics" name="AccessPreferences" time="1.690"/>
  <system-out/>
  <testcase classname="mobileAutomation.ExerciseProject.AndroidBasics" name="AccessAnimations" time="1.382"/>
  <system-out/>
  <testcase classname="mobileAutomation.ExerciseProject.AndroidBasics" name="PlayAction" time="0.080"/>
  <system-out/>
</testsuite> <!-- mobileAutomation.ExerciseProject.AndroidBasics -->
