<?xml version="1.0" encoding="UTF-8"?>
<!-- Generated by org.testng.reporters.JUnitReportReporter -->
<testsuite hostname="Dragoss-MacBook-Air.local" failures="0" tests="3" name="mobileAutomation.ExerciseProject.AndroidBasics" time="3.771" errors="0" timestamp="2023-03-31T11:46:50 EEST" skipped="0">
  <testcase classname="mobileAutomation.ExerciseProject.AndroidBasics" name="AccessPreferences" time="2.255"/>
  <system-out/>
  <testcase classname="mobileAutomation.ExerciseProject.AndroidBasics" name="AccessAnimations" time="1.439"/>
  <system-out/>
  <testcase classname="mobileAutomation.ExerciseProject.AndroidBasics" name="PlayAction" time="0.077"/>
  <system-out/>
</testsuite> <!-- mobileAutomation.ExerciseProject.AndroidBasics -->
