<?xml version="1.0" encoding="UTF-8"?>
<!-- Generated by org.testng.reporters.JUnitReportReporter -->
<testsuite hostname="Dragoss-MacBook-Air.local" failures="0" tests="1" name="mobileAutomation.ExerciseProject.OtherTests" time="2.154" errors="0" timestamp="2023-03-30T15:04:31 EEST" skipped="0">
  <testcase classname="mobileAutomation.ExerciseProject.OtherTests" name="AccessPreferences" time="2.154"/>
  <system-out/>
</testsuite> <!-- mobileAutomation.ExerciseProject.OtherTests -->
