<?xml version="1.0" encoding="UTF-8"?>
<!-- Generated by org.testng.reporters.JUnitReportReporter -->
<testsuite hostname="Dragoss-MacBook-Air.local" failures="0" tests="1" name="mobileAutomation.ExerciseProject.iOSBasics" time="0.615" errors="0" timestamp="2023-03-30T22:59:59 EEST" skipped="0">
  <testcase classname="mobileAutomation.ExerciseProject.iOSBasics" name="AccessPreferences" time="0.615"/>
  <system-out/>
</testsuite> <!-- mobileAutomation.ExerciseProject.iOSBasics -->
